<?xml version="1.0" encoding="UTF-8"?>
<!-- Generated by org.testng.reporters.JUnitXMLReporter -->
<testsuite ignored="0" hostname="DESKTOP-9SR5OIC" failures="0" tests="17" name="Default test" time="94.734" errors="0" timestamp="2023-01-28T22:19:04 CST">
  <testcase classname="com.ronwinkler.ExternalLinksTests" name="codepenFooterTest" time="4.22"/>
  <testcase classname="com.ronwinkler.ExternalLinksTests" name="codepenMenuTest" time="1.609"/>
  <testcase classname="com.ronwinkler.ExternalLinksTests" name="copyEmailTest" time="2.18"/>
  <testcase classname="com.ronwinkler.ExternalLinksTests" name="donationFooterTest" time="3.539"/>
  <testcase classname="com.ronwinkler.ExternalLinksTests" name="githubFooterTest" time="3.363"/>
  <testcase classname="com.ronwinkler.ExternalLinksTests" name="githubMenuTest" time="0.76"/>
  <testcase classname="com.ronwinkler.ExternalLinksTests" name="linkedinContactTest" time="3.052"/>
  <testcase classname="com.ronwinkler.ExternalLinksTests" name="linkedinFooterTest" time="3.428"/>
  <testcase classname="com.ronwinkler.ExternalLinksTests" name="linkedinMenuTest" time="1.1"/>
  <testcase classname="com.ronwinkler.ExternalLinksTests" name="replitFooterTest" time="3.866"/>
  <testcase classname="com.ronwinkler.ExternalLinksTests" name="replitMenuTest" time="1.412"/>
  <testcase classname="com.ronwinkler.ExternalLinksTests" name="resumeContactTest" time="2.166"/>
  <testcase classname="com.ronwinkler.ExternalLinksTests" name="resumeFooterTest" time="2.946"/>
  <testcase classname="com.ronwinkler.ExternalLinksTests" name="resumeSplashTest" time="0.292"/>
  <testcase classname="com.ronwinkler.ExternalLinksTests" name="twitterContactTest" time="4.156"/>
  <testcase classname="com.ronwinkler.ExternalLinksTests" name="twitterFooterTest" time="4.375"/>
  <testcase classname="com.ronwinkler.ExternalLinksTests" name="twitterMenuTest" time="1.98"/>
</testsuite> <!-- Default test -->
