<?xml version="1.0" encoding="UTF-8"?>
<!-- Generated by org.testng.reporters.JUnitXMLReporter -->
<testsuite ignored="0" hostname="DESKTOP-9SR5OIC" failures="1" tests="36" name="Portfolio Tests" time="167.877" errors="0" timestamp="2023-01-29T11:04:32 CST">
  <testcase classname="com.ronwinkler.ContextTests" name="aboutGraphicHiddenTest" time="0.326"/>
  <testcase classname="com.ronwinkler.ProjectsCellsTests" name="ProjectInfoCellsDisplayedTest" time="4.734"/>
  <testcase classname="com.ronwinkler.ProjectsCellsTests" name="allProjectCellsDisplayed" time="0.385"/>
  <testcase classname="com.ronwinkler.ContextTests" name="aboutGraphicShownTest" time="0.037"/>
  <testcase classname="com.ronwinkler.ContextTests" name="headShotHiddenTest" time="0.128"/>
  <testcase classname="com.ronwinkler.NavigationTests" name="aboutFooterTest" time="4.285"/>
  <testcase classname="com.ronwinkler.ContextTests" name="headShotShownTest" time="0.59"/>
  <testcase classname="com.ronwinkler.ContextTests" name="splashGraphicHiddenTest" time="0.801"/>
  <testcase classname="com.ronwinkler.NavigationTests" name="aboutMenuTest" time="2.279"/>
  <testcase classname="com.ronwinkler.ContextTests" name="splashGraphicShownTest" time="0.152"/>
  <testcase classname="com.ronwinkler.NavigationTests" name="contactFooterTest" time="4.891"/>
  <testcase classname="com.ronwinkler.ContactFormTests" name="failEmailFormSubmitTest" time="0.389"/>
  <testcase classname="com.ronwinkler.NavigationTests" name="contactMenuTest" time="2.292"/>
  <testcase classname="com.ronwinkler.ContactFormTests" name="failMessageFormSubmitTest" time="1.698"/>
  <testcase classname="com.ronwinkler.NavigationTests" name="homeFooterTest" time="5.348"/>
  <testcase classname="com.ronwinkler.ContactFormTests" name="failNameFormSubmitTest" time="0.896"/>
  <testcase classname="com.ronwinkler.NavigationTests" name="projectsFooterTest" time="4.512"/>
  <testcase classname="com.ronwinkler.ContactFormTests" name="successfulFormSubmitTest" time="3.037"/>
  <testcase classname="com.ronwinkler.NavigationTests" name="projectsMenuTest" time="2.144"/>
  <testcase classname="com.ronwinkler.ExternalLinksTests" name="codepenFooterTest" time="4.382"/>
  <testcase classname="com.ronwinkler.ExternalLinksTests" name="codepenMenuTest" time="1.814"/>
  <testcase classname="com.ronwinkler.ExternalLinksTests" name="copyEmailTest" time="2.655"/>
  <testcase classname="com.ronwinkler.ExternalLinksTests" name="donationFooterTest" time="3.683"/>
  <testcase classname="com.ronwinkler.ExternalLinksTests" name="githubFooterTest" time="2.95"/>
  <testcase classname="com.ronwinkler.ExternalLinksTests" name="githubMenuTest" time="1.151"/>
  <testcase classname="com.ronwinkler.ExternalLinksTests" name="linkedinContactTest" time="3.037"/>
  <testcase classname="com.ronwinkler.ExternalLinksTests" name="linkedinFooterTest" time="3.148"/>
  <testcase classname="com.ronwinkler.ExternalLinksTests" name="linkedinMenuTest" time="0.241">
    <failure type="java.util.NoSuchElementException">
      <![CDATA[java.util.NoSuchElementException
at java.base/java.util.LinkedHashMap$LinkedHashIterator.nextNode(LinkedHashMap.java:760)
at java.base/java.util.LinkedHashMap$LinkedKeyIterator.next(LinkedHashMap.java:780)
at com.ronwinkler.pageObjects.HomePage.getChildWindowUrl(HomePage.java:275)
at com.ronwinkler.ExternalLinksTests.linkedinMenuTest(ExternalLinksTests.java:21)
at java.base/java.util.concurrent.ThreadPoolExecutor.runWorker(ThreadPoolExecutor.java:1130)
at java.base/java.util.concurrent.ThreadPoolExecutor$Worker.run(ThreadPoolExecutor.java:630)
at java.base/java.lang.Thread.run(Thread.java:832)
... Removed 12 stack frames]]>
    </failure>
  </testcase> <!-- linkedinMenuTest -->
  <testcase classname="com.ronwinkler.ExternalLinksTests" name="replitFooterTest" time="3.526"/>
  <testcase classname="com.ronwinkler.ExternalLinksTests" name="replitMenuTest" time="2.098"/>
  <testcase classname="com.ronwinkler.ExternalLinksTests" name="resumeContactTest" time="2.221"/>
  <testcase classname="com.ronwinkler.ExternalLinksTests" name="resumeFooterTest" time="3.366"/>
  <testcase classname="com.ronwinkler.ExternalLinksTests" name="resumeSplashTest" time="0.572"/>
  <testcase classname="com.ronwinkler.ExternalLinksTests" name="twitterContactTest" time="3.545"/>
  <testcase classname="com.ronwinkler.ExternalLinksTests" name="twitterFooterTest" time="4.894"/>
  <testcase classname="com.ronwinkler.ExternalLinksTests" name="twitterMenuTest" time="2.559"/>
</testsuite> <!-- Portfolio Tests -->
