<?xml version="1.0" encoding="UTF-8"?>
<testng-results ignored="0" total="36" passed="35" failed="1" skipped="0">
  <reporter-output>
  </reporter-output>
  <suite started-at="2023-01-29T11:01:44 CST" name="Test Suite" finished-at="2023-01-29T11:04:32 CST" duration-ms="167877">
    <groups>
    </groups>
    <test started-at="2023-01-29T11:01:44 CST" name="Portfolio Tests" finished-at="2023-01-29T11:04:32 CST" duration-ms="167877">
      <class name="com.ronwinkler.ContextTests">
        <test-method is-config="true" signature="launchApp()[pri:0, instance:com.ronwinkler.ContextTests@4722ef0c]" started-at="2023-01-29T11:01:44 CST" name="launchApp" finished-at="2023-01-29T11:01:51 CST" duration-ms="6904" status="PASS">
          <reporter-output>
          </reporter-output>
        </test-method> <!-- launchApp -->
        <test-method signature="aboutGraphicHiddenTest()[pri:0, instance:com.ronwinkler.ContextTests@4722ef0c]" started-at="2023-01-29T11:01:51 CST" name="aboutGraphicHiddenTest" finished-at="2023-01-29T11:01:51 CST" duration-ms="326" status="PASS">
          <reporter-output>
          </reporter-output>
        </test-method> <!-- aboutGraphicHiddenTest -->
        <test-method is-config="true" signature="closeApp()[pri:0, instance:com.ronwinkler.ContextTests@4722ef0c]" started-at="2023-01-29T11:01:51 CST" name="closeApp" finished-at="2023-01-29T11:01:52 CST" duration-ms="840" status="PASS">
          <reporter-output>
          </reporter-output>
        </test-method> <!-- closeApp -->
        <test-method is-config="true" signature="launchApp()[pri:0, instance:com.ronwinkler.ContextTests@4722ef0c]" started-at="2023-01-29T11:01:52 CST" name="launchApp" finished-at="2023-01-29T11:02:00 CST" duration-ms="8118" status="PASS">
          <reporter-output>
          </reporter-output>
        </test-method> <!-- launchApp -->
        <test-method signature="aboutGraphicShownTest()[pri:0, instance:com.ronwinkler.ContextTests@4722ef0c]" started-at="2023-01-29T11:02:00 CST" name="aboutGraphicShownTest" finished-at="2023-01-29T11:02:00 CST" duration-ms="37" status="PASS">
          <reporter-output>
          </reporter-output>
        </test-method> <!-- aboutGraphicShownTest -->
        <test-method is-config="true" signature="closeApp()[pri:0, instance:com.ronwinkler.ContextTests@4722ef0c]" started-at="2023-01-29T11:02:00 CST" name="closeApp" finished-at="2023-01-29T11:02:01 CST" duration-ms="788" status="PASS">
          <reporter-output>
          </reporter-output>
        </test-method> <!-- closeApp -->
        <test-method is-config="true" signature="launchApp()[pri:0, instance:com.ronwinkler.ContextTests@4722ef0c]" started-at="2023-01-29T11:02:01 CST" name="launchApp" finished-at="2023-01-29T11:02:03 CST" duration-ms="2026" status="PASS">
          <reporter-output>
          </reporter-output>
        </test-method> <!-- launchApp -->
        <test-method signature="headShotHiddenTest()[pri:0, instance:com.ronwinkler.ContextTests@4722ef0c]" started-at="2023-01-29T11:02:03 CST" name="headShotHiddenTest" finished-at="2023-01-29T11:02:03 CST" duration-ms="128" status="PASS">
          <reporter-output>
          </reporter-output>
        </test-method> <!-- headShotHiddenTest -->
        <test-method is-config="true" signature="closeApp()[pri:0, instance:com.ronwinkler.ContextTests@4722ef0c]" started-at="2023-01-29T11:02:03 CST" name="closeApp" finished-at="2023-01-29T11:02:05 CST" duration-ms="1433" status="PASS">
          <reporter-output>
          </reporter-output>
        </test-method> <!-- closeApp -->
        <test-method is-config="true" signature="launchApp()[pri:0, instance:com.ronwinkler.ContextTests@4722ef0c]" started-at="2023-01-29T11:02:05 CST" name="launchApp" finished-at="2023-01-29T11:02:12 CST" duration-ms="7016" status="PASS">
          <reporter-output>
          </reporter-output>
        </test-method> <!-- launchApp -->
        <test-method signature="headShotShownTest()[pri:0, instance:com.ronwinkler.ContextTests@4722ef0c]" started-at="2023-01-29T11:02:12 CST" name="headShotShownTest" finished-at="2023-01-29T11:02:12 CST" duration-ms="590" status="PASS">
          <reporter-output>
          </reporter-output>
        </test-method> <!-- headShotShownTest -->
        <test-method is-config="true" signature="closeApp()[pri:0, instance:com.ronwinkler.ContextTests@4722ef0c]" started-at="2023-01-29T11:02:12 CST" name="closeApp" finished-at="2023-01-29T11:02:13 CST" duration-ms="1052" status="PASS">
          <reporter-output>
          </reporter-output>
        </test-method> <!-- closeApp -->
        <test-method is-config="true" signature="launchApp()[pri:0, instance:com.ronwinkler.ContextTests@4722ef0c]" started-at="2023-01-29T11:02:13 CST" name="launchApp" finished-at="2023-01-29T11:02:15 CST" duration-ms="2056" status="PASS">
          <reporter-output>
          </reporter-output>
        </test-method> <!-- launchApp -->
        <test-method signature="splashGraphicHiddenTest()[pri:0, instance:com.ronwinkler.ContextTests@4722ef0c]" started-at="2023-01-29T11:02:15 CST" name="splashGraphicHiddenTest" finished-at="2023-01-29T11:02:16 CST" duration-ms="801" status="PASS">
          <reporter-output>
          </reporter-output>
        </test-method> <!-- splashGraphicHiddenTest -->
        <test-method is-config="true" signature="closeApp()[pri:0, instance:com.ronwinkler.ContextTests@4722ef0c]" started-at="2023-01-29T11:02:16 CST" name="closeApp" finished-at="2023-01-29T11:02:17 CST" duration-ms="1232" status="PASS">
          <reporter-output>
          </reporter-output>
        </test-method> <!-- closeApp -->
        <test-method is-config="true" signature="launchApp()[pri:0, instance:com.ronwinkler.ContextTests@4722ef0c]" started-at="2023-01-29T11:02:17 CST" name="launchApp" finished-at="2023-01-29T11:02:21 CST" duration-ms="3130" status="PASS">
          <reporter-output>
          </reporter-output>
        </test-method> <!-- launchApp -->
        <test-method signature="splashGraphicShownTest()[pri:0, instance:com.ronwinkler.ContextTests@4722ef0c]" started-at="2023-01-29T11:02:21 CST" name="splashGraphicShownTest" finished-at="2023-01-29T11:02:21 CST" duration-ms="152" status="PASS">
          <reporter-output>
          </reporter-output>
        </test-method> <!-- splashGraphicShownTest -->
        <test-method is-config="true" signature="closeApp()[pri:0, instance:com.ronwinkler.ContextTests@4722ef0c]" started-at="2023-01-29T11:02:21 CST" name="closeApp" finished-at="2023-01-29T11:02:21 CST" duration-ms="637" status="PASS">
          <reporter-output>
          </reporter-output>
        </test-method> <!-- closeApp -->
      </class> <!-- com.ronwinkler.ContextTests -->
      <class name="com.ronwinkler.ContactFormTests">
        <test-method is-config="true" signature="launchApp()[pri:0, instance:com.ronwinkler.ContactFormTests@55cb6996]" started-at="2023-01-29T11:02:21 CST" name="launchApp" finished-at="2023-01-29T11:02:30 CST" duration-ms="8246" status="PASS">
          <reporter-output>
          </reporter-output>
        </test-method> <!-- launchApp -->
        <test-method signature="failEmailFormSubmitTest()[pri:0, instance:com.ronwinkler.ContactFormTests@55cb6996]" started-at="2023-01-29T11:02:30 CST" name="failEmailFormSubmitTest" finished-at="2023-01-29T11:02:30 CST" duration-ms="389" status="PASS">
          <reporter-output>
          </reporter-output>
        </test-method> <!-- failEmailFormSubmitTest -->
        <test-method is-config="true" signature="closeApp()[pri:0, instance:com.ronwinkler.ContactFormTests@55cb6996]" started-at="2023-01-29T11:02:30 CST" name="closeApp" finished-at="2023-01-29T11:02:31 CST" duration-ms="765" status="PASS">
          <reporter-output>
          </reporter-output>
        </test-method> <!-- closeApp -->
        <test-method is-config="true" signature="launchApp()[pri:0, instance:com.ronwinkler.ContactFormTests@55cb6996]" started-at="2023-01-29T11:02:31 CST" name="launchApp" finished-at="2023-01-29T11:02:33 CST" duration-ms="2605" status="PASS">
          <reporter-output>
          </reporter-output>
        </test-method> <!-- launchApp -->
        <test-method signature="failMessageFormSubmitTest()[pri:0, instance:com.ronwinkler.ContactFormTests@55cb6996]" started-at="2023-01-29T11:02:33 CST" name="failMessageFormSubmitTest" finished-at="2023-01-29T11:02:35 CST" duration-ms="1698" status="PASS">
          <reporter-output>
          </reporter-output>
        </test-method> <!-- failMessageFormSubmitTest -->
        <test-method is-config="true" signature="closeApp()[pri:0, instance:com.ronwinkler.ContactFormTests@55cb6996]" started-at="2023-01-29T11:02:35 CST" name="closeApp" finished-at="2023-01-29T11:02:36 CST" duration-ms="686" status="PASS">
          <reporter-output>
          </reporter-output>
        </test-method> <!-- closeApp -->
        <test-method is-config="true" signature="launchApp()[pri:0, instance:com.ronwinkler.ContactFormTests@55cb6996]" started-at="2023-01-29T11:02:36 CST" name="launchApp" finished-at="2023-01-29T11:02:43 CST" duration-ms="7525" status="PASS">
          <reporter-output>
          </reporter-output>
        </test-method> <!-- launchApp -->
        <test-method signature="failNameFormSubmitTest()[pri:0, instance:com.ronwinkler.ContactFormTests@55cb6996]" started-at="2023-01-29T11:02:43 CST" name="failNameFormSubmitTest" finished-at="2023-01-29T11:02:44 CST" duration-ms="896" status="PASS">
          <reporter-output>
          </reporter-output>
        </test-method> <!-- failNameFormSubmitTest -->
        <test-method is-config="true" signature="closeApp()[pri:0, instance:com.ronwinkler.ContactFormTests@55cb6996]" started-at="2023-01-29T11:02:44 CST" name="closeApp" finished-at="2023-01-29T11:02:45 CST" duration-ms="928" status="PASS">
          <reporter-output>
          </reporter-output>
        </test-method> <!-- closeApp -->
        <test-method is-config="true" signature="launchApp()[pri:0, instance:com.ronwinkler.ContactFormTests@55cb6996]" started-at="2023-01-29T11:02:45 CST" name="launchApp" finished-at="2023-01-29T11:02:49 CST" duration-ms="3994" status="PASS">
          <reporter-output>
          </reporter-output>
        </test-method> <!-- launchApp -->
        <test-method signature="successfulFormSubmitTest()[pri:0, instance:com.ronwinkler.ContactFormTests@55cb6996]" started-at="2023-01-29T11:02:49 CST" name="successfulFormSubmitTest" finished-at="2023-01-29T11:02:52 CST" duration-ms="3037" status="PASS">
          <reporter-output>
          </reporter-output>
        </test-method> <!-- successfulFormSubmitTest -->
        <test-method is-config="true" signature="closeApp()[pri:0, instance:com.ronwinkler.ContactFormTests@55cb6996]" started-at="2023-01-29T11:02:52 CST" name="closeApp" finished-at="2023-01-29T11:02:53 CST" duration-ms="713" status="PASS">
          <reporter-output>
          </reporter-output>
        </test-method> <!-- closeApp -->
      </class> <!-- com.ronwinkler.ContactFormTests -->
      <class name="com.ronwinkler.ProjectsCellsTests">
        <test-method is-config="true" signature="launchApp()[pri:0, instance:com.ronwinkler.ProjectsCellsTests@2a693f59]" started-at="2023-01-29T11:01:44 CST" name="launchApp" finished-at="2023-01-29T11:01:47 CST" duration-ms="3444" status="PASS">
          <reporter-output>
          </reporter-output>
        </test-method> <!-- launchApp -->
        <test-method signature="ProjectInfoCellsDisplayedTest()[pri:0, instance:com.ronwinkler.ProjectsCellsTests@2a693f59]" started-at="2023-01-29T11:01:47 CST" name="ProjectInfoCellsDisplayedTest" finished-at="2023-01-29T11:01:52 CST" duration-ms="4734" status="PASS">
          <reporter-output>
          </reporter-output>
        </test-method> <!-- ProjectInfoCellsDisplayedTest -->
        <test-method is-config="true" signature="closeApp()[pri:0, instance:com.ronwinkler.ProjectsCellsTests@2a693f59]" started-at="2023-01-29T11:01:52 CST" name="closeApp" finished-at="2023-01-29T11:01:53 CST" duration-ms="1139" status="PASS">
          <reporter-output>
          </reporter-output>
        </test-method> <!-- closeApp -->
        <test-method is-config="true" signature="launchApp()[pri:0, instance:com.ronwinkler.ProjectsCellsTests@2a693f59]" started-at="2023-01-29T11:01:53 CST" name="launchApp" finished-at="2023-01-29T11:01:56 CST" duration-ms="2410" status="PASS">
          <reporter-output>
          </reporter-output>
        </test-method> <!-- launchApp -->
        <test-method signature="allProjectCellsDisplayed()[pri:0, instance:com.ronwinkler.ProjectsCellsTests@2a693f59]" started-at="2023-01-29T11:01:56 CST" name="allProjectCellsDisplayed" finished-at="2023-01-29T11:01:56 CST" duration-ms="385" status="PASS">
          <reporter-output>
          </reporter-output>
        </test-method> <!-- allProjectCellsDisplayed -->
        <test-method is-config="true" signature="closeApp()[pri:0, instance:com.ronwinkler.ProjectsCellsTests@2a693f59]" started-at="2023-01-29T11:01:56 CST" name="closeApp" finished-at="2023-01-29T11:01:57 CST" duration-ms="836" status="PASS">
          <reporter-output>
          </reporter-output>
        </test-method> <!-- closeApp -->
      </class> <!-- com.ronwinkler.ProjectsCellsTests -->
      <class name="com.ronwinkler.NavigationTests">
        <test-method is-config="true" signature="launchApp()[pri:0, instance:com.ronwinkler.NavigationTests@48e1f6c7]" started-at="2023-01-29T11:01:57 CST" name="launchApp" finished-at="2023-01-29T11:02:04 CST" duration-ms="6504" status="PASS">
          <reporter-output>
          </reporter-output>
        </test-method> <!-- launchApp -->
        <test-method signature="aboutFooterTest()[pri:0, instance:com.ronwinkler.NavigationTests@48e1f6c7]" started-at="2023-01-29T11:02:04 CST" name="aboutFooterTest" finished-at="2023-01-29T11:02:08 CST" duration-ms="4285" status="PASS">
          <reporter-output>
          </reporter-output>
        </test-method> <!-- aboutFooterTest -->
        <test-method is-config="true" signature="closeApp()[pri:0, instance:com.ronwinkler.NavigationTests@48e1f6c7]" started-at="2023-01-29T11:02:08 CST" name="closeApp" finished-at="2023-01-29T11:02:09 CST" duration-ms="1635" status="PASS">
          <reporter-output>
          </reporter-output>
        </test-method> <!-- closeApp -->
        <test-method is-config="true" signature="launchApp()[pri:0, instance:com.ronwinkler.NavigationTests@48e1f6c7]" started-at="2023-01-29T11:02:09 CST" name="launchApp" finished-at="2023-01-29T11:02:16 CST" duration-ms="6961" status="PASS">
          <reporter-output>
          </reporter-output>
        </test-method> <!-- launchApp -->
        <test-method signature="aboutMenuTest()[pri:0, instance:com.ronwinkler.NavigationTests@48e1f6c7]" started-at="2023-01-29T11:02:16 CST" name="aboutMenuTest" finished-at="2023-01-29T11:02:19 CST" duration-ms="2279" status="PASS">
          <reporter-output>
          </reporter-output>
        </test-method> <!-- aboutMenuTest -->
        <test-method is-config="true" signature="closeApp()[pri:0, instance:com.ronwinkler.NavigationTests@48e1f6c7]" started-at="2023-01-29T11:02:19 CST" name="closeApp" finished-at="2023-01-29T11:02:19 CST" duration-ms="795" status="PASS">
          <reporter-output>
          </reporter-output>
        </test-method> <!-- closeApp -->
        <test-method is-config="true" signature="launchApp()[pri:0, instance:com.ronwinkler.NavigationTests@48e1f6c7]" started-at="2023-01-29T11:02:19 CST" name="launchApp" finished-at="2023-01-29T11:02:21 CST" duration-ms="1971" status="PASS">
          <reporter-output>
          </reporter-output>
        </test-method> <!-- launchApp -->
        <test-method signature="contactFooterTest()[pri:0, instance:com.ronwinkler.NavigationTests@48e1f6c7]" started-at="2023-01-29T11:02:21 CST" name="contactFooterTest" finished-at="2023-01-29T11:02:26 CST" duration-ms="4891" status="PASS">
          <reporter-output>
          </reporter-output>
        </test-method> <!-- contactFooterTest -->
        <test-method is-config="true" signature="closeApp()[pri:0, instance:com.ronwinkler.NavigationTests@48e1f6c7]" started-at="2023-01-29T11:02:26 CST" name="closeApp" finished-at="2023-01-29T11:02:27 CST" duration-ms="1142" status="PASS">
          <reporter-output>
          </reporter-output>
        </test-method> <!-- closeApp -->
        <test-method is-config="true" signature="launchApp()[pri:0, instance:com.ronwinkler.NavigationTests@48e1f6c7]" started-at="2023-01-29T11:02:27 CST" name="launchApp" finished-at="2023-01-29T11:02:30 CST" duration-ms="2810" status="PASS">
          <reporter-output>
          </reporter-output>
        </test-method> <!-- launchApp -->
        <test-method signature="contactMenuTest()[pri:0, instance:com.ronwinkler.NavigationTests@48e1f6c7]" started-at="2023-01-29T11:02:30 CST" name="contactMenuTest" finished-at="2023-01-29T11:02:33 CST" duration-ms="2292" status="PASS">
          <reporter-output>
          </reporter-output>
        </test-method> <!-- contactMenuTest -->
        <test-method is-config="true" signature="closeApp()[pri:0, instance:com.ronwinkler.NavigationTests@48e1f6c7]" started-at="2023-01-29T11:02:33 CST" name="closeApp" finished-at="2023-01-29T11:02:33 CST" duration-ms="632" status="PASS">
          <reporter-output>
          </reporter-output>
        </test-method> <!-- closeApp -->
        <test-method is-config="true" signature="launchApp()[pri:0, instance:com.ronwinkler.NavigationTests@48e1f6c7]" started-at="2023-01-29T11:02:33 CST" name="launchApp" finished-at="2023-01-29T11:02:36 CST" duration-ms="2689" status="PASS">
          <reporter-output>
          </reporter-output>
        </test-method> <!-- launchApp -->
        <test-method signature="homeFooterTest()[pri:0, instance:com.ronwinkler.NavigationTests@48e1f6c7]" started-at="2023-01-29T11:02:36 CST" name="homeFooterTest" finished-at="2023-01-29T11:02:41 CST" duration-ms="5348" status="PASS">
          <reporter-output>
          </reporter-output>
        </test-method> <!-- homeFooterTest -->
        <test-method is-config="true" signature="closeApp()[pri:0, instance:com.ronwinkler.NavigationTests@48e1f6c7]" started-at="2023-01-29T11:02:41 CST" name="closeApp" finished-at="2023-01-29T11:02:42 CST" duration-ms="983" status="PASS">
          <reporter-output>
          </reporter-output>
        </test-method> <!-- closeApp -->
        <test-method is-config="true" signature="launchApp()[pri:0, instance:com.ronwinkler.NavigationTests@48e1f6c7]" started-at="2023-01-29T11:02:42 CST" name="launchApp" finished-at="2023-01-29T11:02:45 CST" duration-ms="2558" status="PASS">
          <reporter-output>
          </reporter-output>
        </test-method> <!-- launchApp -->
        <test-method signature="projectsFooterTest()[pri:0, instance:com.ronwinkler.NavigationTests@48e1f6c7]" started-at="2023-01-29T11:02:45 CST" name="projectsFooterTest" finished-at="2023-01-29T11:02:49 CST" duration-ms="4512" status="PASS">
          <reporter-output>
          </reporter-output>
        </test-method> <!-- projectsFooterTest -->
        <test-method is-config="true" signature="closeApp()[pri:0, instance:com.ronwinkler.NavigationTests@48e1f6c7]" started-at="2023-01-29T11:02:49 CST" name="closeApp" finished-at="2023-01-29T11:02:51 CST" duration-ms="1271" status="PASS">
          <reporter-output>
          </reporter-output>
        </test-method> <!-- closeApp -->
        <test-method is-config="true" signature="launchApp()[pri:0, instance:com.ronwinkler.NavigationTests@48e1f6c7]" started-at="2023-01-29T11:02:51 CST" name="launchApp" finished-at="2023-01-29T11:02:54 CST" duration-ms="3587" status="PASS">
          <reporter-output>
          </reporter-output>
        </test-method> <!-- launchApp -->
        <test-method signature="projectsMenuTest()[pri:0, instance:com.ronwinkler.NavigationTests@48e1f6c7]" started-at="2023-01-29T11:02:54 CST" name="projectsMenuTest" finished-at="2023-01-29T11:02:56 CST" duration-ms="2144" status="PASS">
          <reporter-output>
          </reporter-output>
        </test-method> <!-- projectsMenuTest -->
        <test-method is-config="true" signature="closeApp()[pri:0, instance:com.ronwinkler.NavigationTests@48e1f6c7]" started-at="2023-01-29T11:02:56 CST" name="closeApp" finished-at="2023-01-29T11:02:57 CST" duration-ms="702" status="PASS">
          <reporter-output>
          </reporter-output>
        </test-method> <!-- closeApp -->
      </class> <!-- com.ronwinkler.NavigationTests -->
      <class name="com.ronwinkler.ExternalLinksTests">
        <test-method is-config="true" signature="launchApp()[pri:0, instance:com.ronwinkler.ExternalLinksTests@1807e3f6]" started-at="2023-01-29T11:02:53 CST" name="launchApp" finished-at="2023-01-29T11:02:56 CST" duration-ms="3004" status="PASS">
          <reporter-output>
          </reporter-output>
        </test-method> <!-- launchApp -->
        <test-method signature="codepenFooterTest()[pri:0, instance:com.ronwinkler.ExternalLinksTests@1807e3f6]" started-at="2023-01-29T11:02:56 CST" name="codepenFooterTest" finished-at="2023-01-29T11:03:00 CST" duration-ms="4382" status="PASS">
          <reporter-output>
          </reporter-output>
        </test-method> <!-- codepenFooterTest -->
        <test-method is-config="true" signature="closeApp()[pri:0, instance:com.ronwinkler.ExternalLinksTests@1807e3f6]" started-at="2023-01-29T11:03:00 CST" name="closeApp" finished-at="2023-01-29T11:03:01 CST" duration-ms="748" status="PASS">
          <reporter-output>
          </reporter-output>
        </test-method> <!-- closeApp -->
        <test-method is-config="true" signature="launchApp()[pri:0, instance:com.ronwinkler.ExternalLinksTests@1807e3f6]" started-at="2023-01-29T11:03:01 CST" name="launchApp" finished-at="2023-01-29T11:03:03 CST" duration-ms="1664" status="PASS">
          <reporter-output>
          </reporter-output>
        </test-method> <!-- launchApp -->
        <test-method signature="codepenMenuTest()[pri:0, instance:com.ronwinkler.ExternalLinksTests@1807e3f6]" started-at="2023-01-29T11:03:03 CST" name="codepenMenuTest" finished-at="2023-01-29T11:03:04 CST" duration-ms="1814" status="PASS">
          <reporter-output>
          </reporter-output>
        </test-method> <!-- codepenMenuTest -->
        <test-method is-config="true" signature="closeApp()[pri:0, instance:com.ronwinkler.ExternalLinksTests@1807e3f6]" started-at="2023-01-29T11:03:04 CST" name="closeApp" finished-at="2023-01-29T11:03:05 CST" duration-ms="667" status="PASS">
          <reporter-output>
          </reporter-output>
        </test-method> <!-- closeApp -->
        <test-method is-config="true" signature="launchApp()[pri:0, instance:com.ronwinkler.ExternalLinksTests@1807e3f6]" started-at="2023-01-29T11:03:05 CST" name="launchApp" finished-at="2023-01-29T11:03:07 CST" duration-ms="1744" status="PASS">
          <reporter-output>
          </reporter-output>
        </test-method> <!-- launchApp -->
        <test-method signature="copyEmailTest()[pri:0, instance:com.ronwinkler.ExternalLinksTests@1807e3f6]" started-at="2023-01-29T11:03:07 CST" name="copyEmailTest" finished-at="2023-01-29T11:03:10 CST" duration-ms="2655" status="PASS">
          <reporter-output>
          </reporter-output>
        </test-method> <!-- copyEmailTest -->
        <test-method is-config="true" signature="closeApp()[pri:0, instance:com.ronwinkler.ExternalLinksTests@1807e3f6]" started-at="2023-01-29T11:03:10 CST" name="closeApp" finished-at="2023-01-29T11:03:10 CST" duration-ms="835" status="PASS">
          <reporter-output>
          </reporter-output>
        </test-method> <!-- closeApp -->
        <test-method is-config="true" signature="launchApp()[pri:0, instance:com.ronwinkler.ExternalLinksTests@1807e3f6]" started-at="2023-01-29T11:03:10 CST" name="launchApp" finished-at="2023-01-29T11:03:12 CST" duration-ms="1711" status="PASS">
          <reporter-output>
          </reporter-output>
        </test-method> <!-- launchApp -->
        <test-method signature="donationFooterTest()[pri:0, instance:com.ronwinkler.ExternalLinksTests@1807e3f6]" started-at="2023-01-29T11:03:12 CST" name="donationFooterTest" finished-at="2023-01-29T11:03:16 CST" duration-ms="3683" status="PASS">
          <reporter-output>
          </reporter-output>
        </test-method> <!-- donationFooterTest -->
        <test-method is-config="true" signature="closeApp()[pri:0, instance:com.ronwinkler.ExternalLinksTests@1807e3f6]" started-at="2023-01-29T11:03:16 CST" name="closeApp" finished-at="2023-01-29T11:03:17 CST" duration-ms="817" status="PASS">
          <reporter-output>
          </reporter-output>
        </test-method> <!-- closeApp -->
        <test-method is-config="true" signature="launchApp()[pri:0, instance:com.ronwinkler.ExternalLinksTests@1807e3f6]" started-at="2023-01-29T11:03:17 CST" name="launchApp" finished-at="2023-01-29T11:03:22 CST" duration-ms="5792" status="PASS">
          <reporter-output>
          </reporter-output>
        </test-method> <!-- launchApp -->
        <test-method signature="githubFooterTest()[pri:0, instance:com.ronwinkler.ExternalLinksTests@1807e3f6]" started-at="2023-01-29T11:03:22 CST" name="githubFooterTest" finished-at="2023-01-29T11:03:25 CST" duration-ms="2950" status="PASS">
          <reporter-output>
          </reporter-output>
        </test-method> <!-- githubFooterTest -->
        <test-method is-config="true" signature="closeApp()[pri:0, instance:com.ronwinkler.ExternalLinksTests@1807e3f6]" started-at="2023-01-29T11:03:25 CST" name="closeApp" finished-at="2023-01-29T11:03:27 CST" duration-ms="1329" status="PASS">
          <reporter-output>
          </reporter-output>
        </test-method> <!-- closeApp -->
        <test-method is-config="true" signature="launchApp()[pri:0, instance:com.ronwinkler.ExternalLinksTests@1807e3f6]" started-at="2023-01-29T11:03:27 CST" name="launchApp" finished-at="2023-01-29T11:03:28 CST" duration-ms="1726" status="PASS">
          <reporter-output>
          </reporter-output>
        </test-method> <!-- launchApp -->
        <test-method signature="githubMenuTest()[pri:0, instance:com.ronwinkler.ExternalLinksTests@1807e3f6]" started-at="2023-01-29T11:03:28 CST" name="githubMenuTest" finished-at="2023-01-29T11:03:29 CST" duration-ms="1151" status="PASS">
          <reporter-output>
          </reporter-output>
        </test-method> <!-- githubMenuTest -->
        <test-method is-config="true" signature="closeApp()[pri:0, instance:com.ronwinkler.ExternalLinksTests@1807e3f6]" started-at="2023-01-29T11:03:30 CST" name="closeApp" finished-at="2023-01-29T11:03:30 CST" duration-ms="683" status="PASS">
          <reporter-output>
          </reporter-output>
        </test-method> <!-- closeApp -->
        <test-method is-config="true" signature="launchApp()[pri:0, instance:com.ronwinkler.ExternalLinksTests@1807e3f6]" started-at="2023-01-29T11:03:30 CST" name="launchApp" finished-at="2023-01-29T11:03:32 CST" duration-ms="1782" status="PASS">
          <reporter-output>
          </reporter-output>
        </test-method> <!-- launchApp -->
        <test-method signature="linkedinContactTest()[pri:0, instance:com.ronwinkler.ExternalLinksTests@1807e3f6]" started-at="2023-01-29T11:03:32 CST" name="linkedinContactTest" finished-at="2023-01-29T11:03:35 CST" duration-ms="3037" status="PASS">
          <reporter-output>
          </reporter-output>
        </test-method> <!-- linkedinContactTest -->
        <test-method is-config="true" signature="closeApp()[pri:0, instance:com.ronwinkler.ExternalLinksTests@1807e3f6]" started-at="2023-01-29T11:03:35 CST" name="closeApp" finished-at="2023-01-29T11:03:36 CST" duration-ms="691" status="PASS">
          <reporter-output>
          </reporter-output>
        </test-method> <!-- closeApp -->
        <test-method is-config="true" signature="launchApp()[pri:0, instance:com.ronwinkler.ExternalLinksTests@1807e3f6]" started-at="2023-01-29T11:03:36 CST" name="launchApp" finished-at="2023-01-29T11:03:37 CST" duration-ms="1683" status="PASS">
          <reporter-output>
          </reporter-output>
        </test-method> <!-- launchApp -->
        <test-method signature="linkedinFooterTest()[pri:0, instance:com.ronwinkler.ExternalLinksTests@1807e3f6]" started-at="2023-01-29T11:03:37 CST" name="linkedinFooterTest" finished-at="2023-01-29T11:03:41 CST" duration-ms="3148" status="PASS">
          <reporter-output>
          </reporter-output>
        </test-method> <!-- linkedinFooterTest -->
        <test-method is-config="true" signature="closeApp()[pri:0, instance:com.ronwinkler.ExternalLinksTests@1807e3f6]" started-at="2023-01-29T11:03:41 CST" name="closeApp" finished-at="2023-01-29T11:03:41 CST" duration-ms="681" status="PASS">
          <reporter-output>
          </reporter-output>
        </test-method> <!-- closeApp -->
        <test-method is-config="true" signature="launchApp()[pri:0, instance:com.ronwinkler.ExternalLinksTests@1807e3f6]" started-at="2023-01-29T11:03:41 CST" name="launchApp" finished-at="2023-01-29T11:03:43 CST" duration-ms="1691" status="PASS">
          <reporter-output>
          </reporter-output>
        </test-method> <!-- launchApp -->
        <test-method signature="linkedinMenuTest()[pri:0, instance:com.ronwinkler.ExternalLinksTests@1807e3f6]" started-at="2023-01-29T11:03:43 CST" name="linkedinMenuTest" finished-at="2023-01-29T11:03:43 CST" duration-ms="241" status="FAIL">
          <exception class="java.util.NoSuchElementException">
            <full-stacktrace>
              <![CDATA[java.util.NoSuchElementException
at java.base/java.util.LinkedHashMap$LinkedHashIterator.nextNode(LinkedHashMap.java:760)
at java.base/java.util.LinkedHashMap$LinkedKeyIterator.next(LinkedHashMap.java:780)
at com.ronwinkler.pageObjects.HomePage.getChildWindowUrl(HomePage.java:275)
at com.ronwinkler.ExternalLinksTests.linkedinMenuTest(ExternalLinksTests.java:21)
at java.base/jdk.internal.reflect.NativeMethodAccessorImpl.invoke0(Native Method)
at java.base/jdk.internal.reflect.NativeMethodAccessorImpl.invoke(NativeMethodAccessorImpl.java:64)
at java.base/jdk.internal.reflect.DelegatingMethodAccessorImpl.invoke(DelegatingMethodAccessorImpl.java:43)
at java.base/java.lang.reflect.Method.invoke(Method.java:564)
at org.testng.internal.MethodInvocationHelper.invokeMethod(MethodInvocationHelper.java:133)
at org.testng.internal.TestInvoker.invokeMethod(TestInvoker.java:598)
at org.testng.internal.TestInvoker.invokeTestMethod(TestInvoker.java:173)
at org.testng.internal.MethodRunner.runInSequence(MethodRunner.java:46)
at org.testng.internal.TestInvoker$MethodInvocationAgent.invoke(TestInvoker.java:824)
at org.testng.internal.TestInvoker.invokeTestMethods(TestInvoker.java:146)
at org.testng.internal.TestMethodWorker.invokeTestMethods(TestMethodWorker.java:146)
at org.testng.internal.TestMethodWorker.run(TestMethodWorker.java:128)
at java.base/java.util.concurrent.ThreadPoolExecutor.runWorker(ThreadPoolExecutor.java:1130)
at java.base/java.util.concurrent.ThreadPoolExecutor$Worker.run(ThreadPoolExecutor.java:630)
at java.base/java.lang.Thread.run(Thread.java:832)
]]>
            </full-stacktrace>
          </exception> <!-- java.util.NoSuchElementException -->
          <reporter-output>
          </reporter-output>
        </test-method> <!-- linkedinMenuTest -->
        <test-method is-config="true" signature="closeApp()[pri:0, instance:com.ronwinkler.ExternalLinksTests@1807e3f6]" started-at="2023-01-29T11:03:44 CST" name="closeApp" finished-at="2023-01-29T11:03:44 CST" duration-ms="647" status="PASS">
          <reporter-output>
          </reporter-output>
        </test-method> <!-- closeApp -->
        <test-method is-config="true" signature="launchApp()[pri:0, instance:com.ronwinkler.ExternalLinksTests@1807e3f6]" started-at="2023-01-29T11:03:44 CST" name="launchApp" finished-at="2023-01-29T11:03:50 CST" duration-ms="5760" status="PASS">
          <reporter-output>
          </reporter-output>
        </test-method> <!-- launchApp -->
        <test-method signature="replitFooterTest()[pri:0, instance:com.ronwinkler.ExternalLinksTests@1807e3f6]" started-at="2023-01-29T11:03:50 CST" name="replitFooterTest" finished-at="2023-01-29T11:03:53 CST" duration-ms="3526" status="PASS">
          <reporter-output>
          </reporter-output>
        </test-method> <!-- replitFooterTest -->
        <test-method is-config="true" signature="closeApp()[pri:0, instance:com.ronwinkler.ExternalLinksTests@1807e3f6]" started-at="2023-01-29T11:03:53 CST" name="closeApp" finished-at="2023-01-29T11:03:55 CST" duration-ms="1490" status="PASS">
          <reporter-output>
          </reporter-output>
        </test-method> <!-- closeApp -->
        <test-method is-config="true" signature="launchApp()[pri:0, instance:com.ronwinkler.ExternalLinksTests@1807e3f6]" started-at="2023-01-29T11:03:55 CST" name="launchApp" finished-at="2023-01-29T11:03:57 CST" duration-ms="1698" status="PASS">
          <reporter-output>
          </reporter-output>
        </test-method> <!-- launchApp -->
        <test-method signature="replitMenuTest()[pri:0, instance:com.ronwinkler.ExternalLinksTests@1807e3f6]" started-at="2023-01-29T11:03:57 CST" name="replitMenuTest" finished-at="2023-01-29T11:03:59 CST" duration-ms="2098" status="PASS">
          <reporter-output>
          </reporter-output>
        </test-method> <!-- replitMenuTest -->
        <test-method is-config="true" signature="closeApp()[pri:0, instance:com.ronwinkler.ExternalLinksTests@1807e3f6]" started-at="2023-01-29T11:03:59 CST" name="closeApp" finished-at="2023-01-29T11:03:59 CST" duration-ms="664" status="PASS">
          <reporter-output>
          </reporter-output>
        </test-method> <!-- closeApp -->
        <test-method is-config="true" signature="launchApp()[pri:0, instance:com.ronwinkler.ExternalLinksTests@1807e3f6]" started-at="2023-01-29T11:03:59 CST" name="launchApp" finished-at="2023-01-29T11:04:02 CST" duration-ms="2295" status="PASS">
          <reporter-output>
          </reporter-output>
        </test-method> <!-- launchApp -->
        <test-method signature="resumeContactTest()[pri:0, instance:com.ronwinkler.ExternalLinksTests@1807e3f6]" started-at="2023-01-29T11:04:02 CST" name="resumeContactTest" finished-at="2023-01-29T11:04:04 CST" duration-ms="2221" status="PASS">
          <reporter-output>
          </reporter-output>
        </test-method> <!-- resumeContactTest -->
        <test-method is-config="true" signature="closeApp()[pri:0, instance:com.ronwinkler.ExternalLinksTests@1807e3f6]" started-at="2023-01-29T11:04:04 CST" name="closeApp" finished-at="2023-01-29T11:04:05 CST" duration-ms="726" status="PASS">
          <reporter-output>
          </reporter-output>
        </test-method> <!-- closeApp -->
        <test-method is-config="true" signature="launchApp()[pri:0, instance:com.ronwinkler.ExternalLinksTests@1807e3f6]" started-at="2023-01-29T11:04:05 CST" name="launchApp" finished-at="2023-01-29T11:04:06 CST" duration-ms="1656" status="PASS">
          <reporter-output>
          </reporter-output>
        </test-method> <!-- launchApp -->
        <test-method signature="resumeFooterTest()[pri:0, instance:com.ronwinkler.ExternalLinksTests@1807e3f6]" started-at="2023-01-29T11:04:06 CST" name="resumeFooterTest" finished-at="2023-01-29T11:04:10 CST" duration-ms="3366" status="PASS">
          <reporter-output>
          </reporter-output>
        </test-method> <!-- resumeFooterTest -->
        <test-method is-config="true" signature="closeApp()[pri:0, instance:com.ronwinkler.ExternalLinksTests@1807e3f6]" started-at="2023-01-29T11:04:10 CST" name="closeApp" finished-at="2023-01-29T11:04:10 CST" duration-ms="793" status="PASS">
          <reporter-output>
          </reporter-output>
        </test-method> <!-- closeApp -->
        <test-method is-config="true" signature="launchApp()[pri:0, instance:com.ronwinkler.ExternalLinksTests@1807e3f6]" started-at="2023-01-29T11:04:10 CST" name="launchApp" finished-at="2023-01-29T11:04:12 CST" duration-ms="1649" status="PASS">
          <reporter-output>
          </reporter-output>
        </test-method> <!-- launchApp -->
        <test-method signature="resumeSplashTest()[pri:0, instance:com.ronwinkler.ExternalLinksTests@1807e3f6]" started-at="2023-01-29T11:04:12 CST" name="resumeSplashTest" finished-at="2023-01-29T11:04:13 CST" duration-ms="572" status="PASS">
          <reporter-output>
          </reporter-output>
        </test-method> <!-- resumeSplashTest -->
        <test-method is-config="true" signature="closeApp()[pri:0, instance:com.ronwinkler.ExternalLinksTests@1807e3f6]" started-at="2023-01-29T11:04:13 CST" name="closeApp" finished-at="2023-01-29T11:04:13 CST" duration-ms="670" status="PASS">
          <reporter-output>
          </reporter-output>
        </test-method> <!-- closeApp -->
        <test-method is-config="true" signature="launchApp()[pri:0, instance:com.ronwinkler.ExternalLinksTests@1807e3f6]" started-at="2023-01-29T11:04:13 CST" name="launchApp" finished-at="2023-01-29T11:04:15 CST" duration-ms="1776" status="PASS">
          <reporter-output>
          </reporter-output>
        </test-method> <!-- launchApp -->
        <test-method signature="twitterContactTest()[pri:0, instance:com.ronwinkler.ExternalLinksTests@1807e3f6]" started-at="2023-01-29T11:04:15 CST" name="twitterContactTest" finished-at="2023-01-29T11:04:19 CST" duration-ms="3545" status="PASS">
          <reporter-output>
          </reporter-output>
        </test-method> <!-- twitterContactTest -->
        <test-method is-config="true" signature="closeApp()[pri:0, instance:com.ronwinkler.ExternalLinksTests@1807e3f6]" started-at="2023-01-29T11:04:19 CST" name="closeApp" finished-at="2023-01-29T11:04:19 CST" duration-ms="756" status="PASS">
          <reporter-output>
          </reporter-output>
        </test-method> <!-- closeApp -->
        <test-method is-config="true" signature="launchApp()[pri:0, instance:com.ronwinkler.ExternalLinksTests@1807e3f6]" started-at="2023-01-29T11:04:19 CST" name="launchApp" finished-at="2023-01-29T11:04:21 CST" duration-ms="1665" status="PASS">
          <reporter-output>
          </reporter-output>
        </test-method> <!-- launchApp -->
        <test-method signature="twitterFooterTest()[pri:0, instance:com.ronwinkler.ExternalLinksTests@1807e3f6]" started-at="2023-01-29T11:04:21 CST" name="twitterFooterTest" finished-at="2023-01-29T11:04:26 CST" duration-ms="4894" status="PASS">
          <reporter-output>
          </reporter-output>
        </test-method> <!-- twitterFooterTest -->
        <test-method is-config="true" signature="closeApp()[pri:0, instance:com.ronwinkler.ExternalLinksTests@1807e3f6]" started-at="2023-01-29T11:04:26 CST" name="closeApp" finished-at="2023-01-29T11:04:27 CST" duration-ms="761" status="PASS">
          <reporter-output>
          </reporter-output>
        </test-method> <!-- closeApp -->
        <test-method is-config="true" signature="launchApp()[pri:0, instance:com.ronwinkler.ExternalLinksTests@1807e3f6]" started-at="2023-01-29T11:04:27 CST" name="launchApp" finished-at="2023-01-29T11:04:29 CST" duration-ms="1775" status="PASS">
          <reporter-output>
          </reporter-output>
        </test-method> <!-- launchApp -->
        <test-method signature="twitterMenuTest()[pri:0, instance:com.ronwinkler.ExternalLinksTests@1807e3f6]" started-at="2023-01-29T11:04:29 CST" name="twitterMenuTest" finished-at="2023-01-29T11:04:31 CST" duration-ms="2559" status="PASS">
          <reporter-output>
          </reporter-output>
        </test-method> <!-- twitterMenuTest -->
        <test-method is-config="true" signature="closeApp()[pri:0, instance:com.ronwinkler.ExternalLinksTests@1807e3f6]" started-at="2023-01-29T11:04:31 CST" name="closeApp" finished-at="2023-01-29T11:04:32 CST" duration-ms="818" status="PASS">
          <reporter-output>
          </reporter-output>
        </test-method> <!-- closeApp -->
      </class> <!-- com.ronwinkler.ExternalLinksTests -->
    </test> <!-- Portfolio Tests -->
  </suite> <!-- Test Suite -->
</testng-results>
